This file contains any messages produced by compilers while
running configure, to aid debugging if configure makes a mistake.

It was created by configure, which was
generated by GNU Autoconf 2.72.  Invocation command line was

  $ ./configure --enable-maintainer-mode

## --------- ##
## Platform. ##
## --------- ##

hostname = Air-de-Youssef.home
uname -m = x86_64
uname -r = 21.6.0
uname -s = Darwin
uname -v = Darwin Kernel Version 21.6.0: Mon Jun 24 00:56:10 PDT 2024; root:xnu-8020.240.18.709.2~1/RELEASE_X86_64

/usr/bin/uname -p = i386
/bin/uname -X     = unknown

/bin/arch              = unknown
/usr/bin/arch -k       = unknown
/usr/convex/getsysinfo = unknown
/usr/bin/hostinfo      = Mach kernel version:
	 Darwin Kernel Version 21.6.0: Mon Jun 24 00:56:10 PDT 2024; root:xnu-8020.240.18.709.2~1/RELEASE_X86_64
Kernel configured for up to 4 processors.
2 processors are physically available.
4 processors are logically available.
Processor type: x86_64h (Intel x86-64h Haswell)
Processors active: 0 1 2 3
Primary memory available: 8.00 gigabytes
Default processor set: 545 tasks, 2025 threads, 4 processors
Load average: 3.08, Mach factor: 1.06
/bin/machine           = unknown
/usr/bin/oslevel       = unknown
/bin/universe          = unknown

PATH: /usr/local/opt/libxml2/bin/
PATH: /usr/local/bin/
PATH: /usr/local/sbin/
PATH: /usr/local/bin/
PATH: /usr/bin/
PATH: /bin/
PATH: /usr/sbin/
PATH: /sbin/
PATH: /Users/youssefazaiez/Library/Python/3.9/bin/


## ----------- ##
## Core tests. ##
## ----------- ##

configure:2341: looking for aux files: compile missing install-sh
configure:2354:  trying ./
configure:2383:   ./compile found
configure:2383:   ./missing found
configure:2365:   ./install-sh found
configure:2513: checking for a BSD-compatible install
configure:2587: result: /usr/bin/install -c
configure:2598: checking whether sleep supports fractional seconds
configure:2614: result: yes
configure:2617: checking filesystem timestamp resolution
configure:2752: result: 2
configure:2757: checking whether build environment is sane
configure:2798: result: yes
configure:2969: checking for a race-free mkdir -p
configure:3012: result: mkdir -p
configure:3019: checking for gawk
configure:3055: result: no
configure:3019: checking for mawk
configure:3055: result: no
configure:3019: checking for nawk
configure:3055: result: no
configure:3019: checking for awk
configure:3040: found /usr/bin/awk
configure:3052: result: awk
configure:3063: checking whether make sets $(MAKE)
configure:3087: result: yes
configure:3113: checking whether make supports nested variables
configure:3132: result: yes
configure:3146: checking xargs -n works
configure:3162: result: yes
configure:3264: checking whether to enable maintainer-specific portions of Makefiles
configure:3275: result: yes
configure:3302: checking whether make supports the include directive
configure:3317: make -f confmf.GNU && cat confinc.out
this is the am__doit target
configure:3320: $? = 0
configure:3339: result: yes (GNU style)
configure:3416: checking for gcc
configure:3437: found /usr/bin/gcc
configure:3449: result: gcc
configure:3808: checking for C compiler version
configure:3817: gcc --version >&5
Apple clang version 14.0.0 (clang-1400.0.29.202)
Target: x86_64-apple-darwin21.6.0
Thread model: posix
InstalledDir: /Library/Developer/CommandLineTools/usr/bin
configure:3828: $? = 0
configure:3817: gcc -v >&5
Apple clang version 14.0.0 (clang-1400.0.29.202)
Target: x86_64-apple-darwin21.6.0
Thread model: posix
InstalledDir: /Library/Developer/CommandLineTools/usr/bin
configure:3828: $? = 0
configure:3817: gcc -V >&5
clang: error: argument to '-V' is missing (expected 1 value)
clang: error: no input files
configure:3828: $? = 1
configure:3817: gcc -qversion >&5
clang: error: unknown argument '-qversion'; did you mean '--version'?
clang: error: no input files
configure:3828: $? = 1
configure:3817: gcc -version >&5
clang: error: unknown argument '-version'; did you mean '--version'?
clang: error: no input files
configure:3828: $? = 1
configure:3848: checking whether the C compiler works
configure:3870: gcc    conftest.c  >&5
configure:3874: $? = 0
configure:3925: result: yes
configure:3929: checking for C compiler default output file name
configure:3931: result: a.out
configure:3937: checking for suffix of executables
configure:3944: gcc -o conftest    conftest.c  >&5
configure:3948: $? = 0
configure:3972: result: 
configure:3996: checking whether we are cross compiling
configure:4004: gcc -o conftest    conftest.c  >&5
configure:4008: $? = 0
configure:4015: ./conftest
configure:4019: $? = 0
configure:4034: result: no
configure:4040: checking for suffix of object files
configure:4063: gcc -c   conftest.c >&5
configure:4067: $? = 0
configure:4091: result: o
configure:4095: checking whether the compiler supports GNU C
configure:4115: gcc -c   conftest.c >&5
configure:4115: $? = 0
configure:4127: result: yes
configure:4138: checking whether gcc accepts -g
configure:4159: gcc -c -g  conftest.c >&5
configure:4159: $? = 0
configure:4206: result: yes
configure:4226: checking for gcc option to enable C11 features
configure:4241: gcc  -c -g -O2  conftest.c >&5
configure:4241: $? = 0
configure:4260: result: none needed
configure:4384: checking whether gcc understands -c and -o together
configure:4407: gcc -c conftest.c -o conftest2.o
configure:4410: $? = 0
configure:4407: gcc -c conftest.c -o conftest2.o
configure:4410: $? = 0
configure:4423: result: yes
configure:4442: checking dependency style of gcc
configure:4555: result: none
configure:4571: checking for library containing strerror
configure:4607: gcc -o conftest -g -O2   conftest.c  >&5
conftest.c:21:6: warning: incompatible redeclaration of library function 'strerror' [-Wincompatible-library-redeclaration]
char strerror (void);
     ^
conftest.c:21:6: note: 'strerror' is a builtin with type 'char *(int)'
1 warning generated.
configure:4607: $? = 0
configure:4629: result: none required
configure:4692: checking for gcc
configure:4725: result: gcc
configure:5084: checking for C compiler version
configure:5093: gcc --version >&5
Apple clang version 14.0.0 (clang-1400.0.29.202)
Target: x86_64-apple-darwin21.6.0
Thread model: posix
InstalledDir: /Library/Developer/CommandLineTools/usr/bin
configure:5104: $? = 0
configure:5093: gcc -v >&5
Apple clang version 14.0.0 (clang-1400.0.29.202)
Target: x86_64-apple-darwin21.6.0
Thread model: posix
InstalledDir: /Library/Developer/CommandLineTools/usr/bin
configure:5104: $? = 0
configure:5093: gcc -V >&5
clang: error: argument to '-V' is missing (expected 1 value)
clang: error: no input files
configure:5104: $? = 1
configure:5093: gcc -qversion >&5
clang: error: unknown argument '-qversion'; did you mean '--version'?
clang: error: no input files
configure:5104: $? = 1
configure:5093: gcc -version >&5
clang: error: unknown argument '-version'; did you mean '--version'?
clang: error: no input files
configure:5104: $? = 1
configure:5108: checking whether the compiler supports GNU C
configure:5140: result: yes
configure:5151: checking whether gcc accepts -g
configure:5219: result: yes
configure:5239: checking for gcc option to enable C11 features
configure:5273: result: none needed
configure:5397: checking whether gcc understands -c and -o together
configure:5436: result: yes
configure:5455: checking dependency style of gcc
configure:5568: result: none
configure:5637: checking for gcc
configure:5670: result: gcc
configure:6029: checking for C compiler version
configure:6038: gcc --version >&5
Apple clang version 14.0.0 (clang-1400.0.29.202)
Target: x86_64-apple-darwin21.6.0
Thread model: posix
InstalledDir: /Library/Developer/CommandLineTools/usr/bin
configure:6049: $? = 0
configure:6038: gcc -v >&5
Apple clang version 14.0.0 (clang-1400.0.29.202)
Target: x86_64-apple-darwin21.6.0
Thread model: posix
InstalledDir: /Library/Developer/CommandLineTools/usr/bin
configure:6049: $? = 0
configure:6038: gcc -V >&5
clang: error: argument to '-V' is missing (expected 1 value)
clang: error: no input files
configure:6049: $? = 1
configure:6038: gcc -qversion >&5
clang: error: unknown argument '-qversion'; did you mean '--version'?
clang: error: no input files
configure:6049: $? = 1
configure:6038: gcc -version >&5
clang: error: unknown argument '-version'; did you mean '--version'?
clang: error: no input files
configure:6049: $? = 1
configure:6053: checking whether the compiler supports GNU C
configure:6085: result: yes
configure:6096: checking whether gcc accepts -g
configure:6164: result: yes
configure:6184: checking for gcc option to enable C11 features
configure:6218: result: none needed
configure:6342: checking whether gcc understands -c and -o together
configure:6381: result: yes
configure:6400: checking dependency style of gcc
configure:6513: result: none
configure:6534: checking for stdio.h
configure:6534: gcc -c -g -O2  conftest.c >&5
configure:6534: $? = 0
configure:6534: result: yes
configure:6534: checking for stdlib.h
configure:6534: gcc -c -g -O2  conftest.c >&5
configure:6534: $? = 0
configure:6534: result: yes
configure:6534: checking for string.h
configure:6534: gcc -c -g -O2  conftest.c >&5
configure:6534: $? = 0
configure:6534: result: yes
configure:6534: checking for inttypes.h
configure:6534: gcc -c -g -O2  conftest.c >&5
configure:6534: $? = 0
configure:6534: result: yes
configure:6534: checking for stdint.h
configure:6534: gcc -c -g -O2  conftest.c >&5
configure:6534: $? = 0
configure:6534: result: yes
configure:6534: checking for strings.h
configure:6534: gcc -c -g -O2  conftest.c >&5
configure:6534: $? = 0
configure:6534: result: yes
configure:6534: checking for sys/stat.h
configure:6534: gcc -c -g -O2  conftest.c >&5
configure:6534: $? = 0
configure:6534: result: yes
configure:6534: checking for sys/types.h
configure:6534: gcc -c -g -O2  conftest.c >&5
configure:6534: $? = 0
configure:6534: result: yes
configure:6534: checking for unistd.h
configure:6534: gcc -c -g -O2  conftest.c >&5
configure:6534: $? = 0
configure:6534: result: yes
configure:6559: checking for grep that handles long lines and -e
configure:6625: result: /usr/bin/grep
configure:6633: checking for egrep
configure:6703: result: /usr/bin/grep -E
configure:6773: checking for pkg-config
configure:6796: found /usr/local/bin/pkg-config
configure:6809: result: /usr/local/bin/pkg-config
configure:6834: checking pkg-config is at least version 0.9.0
configure:6837: result: yes
configure:6850: checking for gtk+-2.0 >= 2.0.0
configure:6857: $PKG_CONFIG --exists --print-errors "$pkg_modules"
configure:6860: $? = 0
configure:6874: $PKG_CONFIG --exists --print-errors "$pkg_modules"
configure:6877: $? = 0
configure:6935: result: yes
configure:6950: checking for locale.h
configure:6950: gcc -c -g -O2  conftest.c >&5
configure:6950: $? = 0
configure:6950: result: yes
configure:6958: checking for LC_MESSAGES
configure:6975: gcc -o conftest -g -O2   conftest.c  >&5
configure:6975: $? = 0
configure:6986: result: yes
configure:7004: checking for CFPreferencesCopyAppValue
configure:7023: gcc -o conftest -g -O2   conftest.c  -Wl,-framework -Wl,CoreFoundation >&5
conftest.c:28:37: warning: null passed to a callee that requires a non-null argument [-Wnonnull]
CFPreferencesCopyAppValue(NULL, NULL)
                          ~~~~      ^
conftest.c:28:37: warning: null passed to a callee that requires a non-null argument [-Wnonnull]
CFPreferencesCopyAppValue(NULL, NULL)
                                ~~~~^
2 warnings generated.
configure:7023: $? = 0
configure:7035: result: yes
configure:7042: checking for CFLocaleCopyCurrent
configure:7061: gcc -o conftest -g -O2   conftest.c  -Wl,-framework -Wl,CoreFoundation >&5
configure:7061: $? = 0
configure:7073: result: yes
configure:7087: checking for libintl.h
configure:7087: gcc -c -g -O2  conftest.c >&5
configure:7087: $? = 0
configure:7087: result: yes
configure:7096: checking for ngettext in libc
configure:7115: gcc -o conftest -g -O2   conftest.c  >&5
Undefined symbols for architecture x86_64:
  "_libintl_ngettext", referenced from:
      _main in conftest-623e3c.o
ld: symbol(s) not found for architecture x86_64
clang: error: linker command failed with exit code 1 (use -v to see invocation)
configure:7115: $? = 1
configure: failed program was:
| /* confdefs.h */
| #define PACKAGE_NAME ""
| #define PACKAGE_TARNAME ""
| #define PACKAGE_VERSION ""
| #define PACKAGE_STRING ""
| #define PACKAGE_BUGREPORT ""
| #define PACKAGE_URL ""
| #define PACKAGE "parky"
| #define VERSION "0.1"
| #define HAVE_STDIO_H 1
| #define HAVE_STDLIB_H 1
| #define HAVE_STRING_H 1
| #define HAVE_INTTYPES_H 1
| #define HAVE_STDINT_H 1
| #define HAVE_STRINGS_H 1
| #define HAVE_SYS_STAT_H 1
| #define HAVE_SYS_TYPES_H 1
| #define HAVE_UNISTD_H 1
| #define STDC_HEADERS 1
| #define GETTEXT_PACKAGE "parky"
| #define HAVE_LOCALE_H 1
| #define HAVE_LC_MESSAGES 1
| #define HAVE_CFPREFERENCESCOPYAPPVALUE 1
| #define HAVE_CFLOCALECOPYCURRENT 1
| /* end confdefs.h.  */
| 
| #include <libintl.h>
| 
| int
| main (void)
| {
| return !ngettext ("","", 1)
|   ;
|   return 0;
| }
configure:7127: result: no
configure:7183: checking for bindtextdomain in -lintl
configure:7212: gcc -o conftest -g -O2   conftest.c -lintl   >&5
configure:7212: $? = 0
configure:7224: result: yes
configure:7228: checking for ngettext in -lintl
configure:7257: gcc -o conftest -g -O2   conftest.c -lintl   >&5
configure:7257: $? = 0
configure:7269: result: yes
configure:7273: checking for dgettext in -lintl
configure:7302: gcc -o conftest -g -O2   conftest.c -lintl   >&5
configure:7302: $? = 0
configure:7314: result: yes
configure:7444: checking for bind_textdomain_codeset
configure:7444: gcc -o conftest -g -O2   conftest.c  -lintl  >&5
configure:7444: $? = 0
configure:7444: result: yes
configure:7479: checking for msgfmt
configure:7508: result: /usr/local/bin/msgfmt
configure:7517: checking for dcgettext
configure:7517: gcc -o conftest -g -O2   conftest.c  -lintl  -Wl,-framework -Wl,CoreFoundation >&5
configure:7517: $? = 0
configure:7517: result: yes
configure:7525: checking if msgfmt accepts -c
configure:7540: $MSGFMT -c -o /dev/null conftest.foo
conftest.foo:3: warning: header field 'Language' missing in header
configure:7543: $? = 0
configure:7545: result: yes
configure:7555: checking for gmsgfmt
configure:7592: result: /usr/local/bin/msgfmt
configure:7602: checking for xgettext
configure:7631: result: /usr/local/bin/xgettext
configure:7650: gcc -o conftest -g -O2   conftest.c  -lintl  -Wl,-framework -Wl,CoreFoundation >&5
configure:7650: $? = 0
configure:7903: checking that generated files are newer than configure
configure:7909: result: done
configure:7956: creating ./config.status

## ---------------------- ##
## Running config.status. ##
## ---------------------- ##

This file was extended by config.status, which was
generated by GNU Autoconf 2.72.  Invocation command line was

  CONFIG_FILES    = 
  CONFIG_HEADERS  = 
  CONFIG_LINKS    = 
  CONFIG_COMMANDS = 
  $ ./config.status 

on Air-de-Youssef.home

config.status:904: creating Makefile
config.status:904: creating src/Makefile
config.status:904: creating po/Makefile.in
config.status:904: creating config.h
config.status:1085: config.h is unchanged
config.status:1133: executing depfiles commands
config.status:1210: cd src       && sed -e '/# am--include-marker/d' Makefile         | make -f - am--depfiles
make: Nothing to be done for `am--depfiles'.
config.status:1215: $? = 0
config.status:1133: executing default-1 commands

## ---------------- ##
## Cache variables. ##
## ---------------- ##

ac_cv_c_compiler_gnu=yes
ac_cv_env_CC_set=
ac_cv_env_CC_value=
ac_cv_env_CFLAGS_set=
ac_cv_env_CFLAGS_value=
ac_cv_env_CPPFLAGS_set=
ac_cv_env_CPPFLAGS_value=
ac_cv_env_LDFLAGS_set=
ac_cv_env_LDFLAGS_value=
ac_cv_env_LIBS_set=
ac_cv_env_LIBS_value=
ac_cv_env_PACKAGE_CFLAGS_set=
ac_cv_env_PACKAGE_CFLAGS_value=
ac_cv_env_PACKAGE_LIBS_set=
ac_cv_env_PACKAGE_LIBS_value=
ac_cv_env_PKG_CONFIG_LIBDIR_set=
ac_cv_env_PKG_CONFIG_LIBDIR_value=
ac_cv_env_PKG_CONFIG_PATH_set=
ac_cv_env_PKG_CONFIG_PATH_value=
ac_cv_env_PKG_CONFIG_set=
ac_cv_env_PKG_CONFIG_value=
ac_cv_env_build_alias_set=
ac_cv_env_build_alias_value=
ac_cv_env_host_alias_set=
ac_cv_env_host_alias_value=
ac_cv_env_target_alias_set=
ac_cv_env_target_alias_value=
ac_cv_func_bind_textdomain_codeset=yes
ac_cv_func_dcgettext=yes
ac_cv_header_inttypes_h=yes
ac_cv_header_libintl_h=yes
ac_cv_header_locale_h=yes
ac_cv_header_stdint_h=yes
ac_cv_header_stdio_h=yes
ac_cv_header_stdlib_h=yes
ac_cv_header_string_h=yes
ac_cv_header_strings_h=yes
ac_cv_header_sys_stat_h=yes
ac_cv_header_sys_types_h=yes
ac_cv_header_unistd_h=yes
ac_cv_lib_intl_bindtextdomain=yes
ac_cv_lib_intl_dgettext=yes
ac_cv_lib_intl_ngettext=yes
ac_cv_objext=o
ac_cv_path_EGREP='/usr/bin/grep -E'
ac_cv_path_EGREP_TRADITIONAL='/usr/bin/grep -E'
ac_cv_path_GMSGFMT=/usr/local/bin/msgfmt
ac_cv_path_GREP=/usr/bin/grep
ac_cv_path_MSGFMT=/usr/local/bin/msgfmt
ac_cv_path_XGETTEXT=/usr/local/bin/xgettext
ac_cv_path_ac_pt_PKG_CONFIG=/usr/local/bin/pkg-config
ac_cv_path_install='/usr/bin/install -c'
ac_cv_prog_AWK=awk
ac_cv_prog_ac_ct_CC=gcc
ac_cv_prog_cc_c11=
ac_cv_prog_cc_g=yes
ac_cv_prog_cc_stdc=
ac_cv_prog_make_make_set=yes
ac_cv_search_strerror='none required'
am_cv_CC_dependencies_compiler_type=none
am_cv_filesystem_timestamp_resolution=2
am_cv_make_support_nested_variables=yes
am_cv_prog_cc_c_o=yes
am_cv_prog_cc_stdc=
am_cv_sleep_fractional_seconds=yes
am_cv_val_LC_MESSAGES=yes
am_cv_xargs_n_works=yes
gt_cv_func_CFLocaleCopyCurrent=yes
gt_cv_func_CFPreferencesCopyAppValue=yes
gt_cv_func_dgettext_libc=no
gt_cv_func_dgettext_libintl=yes
gt_cv_func_ngettext_libc=no
gt_cv_have_gettext=yes
pkg_cv_PACKAGE_CFLAGS='-I/usr/local/Cellar/gtk+/2.24.33_2/include/gtk-2.0 -I/usr/local/Cellar/gtk+/2.24.33_2/lib/gtk-2.0/include -I/usr/local/Cellar/pango/1.54.0/include/pango-1.0 -I/usr/local/Cellar/fribidi/1.0.16/include/fribidi -I/usr/local/Cellar/harfbuzz/10.1.0/include/harfbuzz -I/usr/local/Cellar/graphite2/1.3.14/include -I/usr/local/Cellar/cairo/1.18.2/include -I/usr/local/Cellar/at-spi2-core/2.54.0/include/atk-1.0 -I/usr/local/Cellar/cairo/1.18.2/include/cairo -I/usr/local/Cellar/fontconfig/2.15.0/include -I/usr/local/opt/freetype/include/freetype2 -I/usr/local/Cellar/libxext/1.3.6/include -I/usr/local/Cellar/xorgproto/2024.1/include -I/usr/local/Cellar/libxrender/0.9.11/include -I/usr/local/Cellar/libx11/1.8.10/include -I/usr/local/Cellar/libxcb/1.17.0/include -I/usr/local/Cellar/libxau/1.0.11/include -I/usr/local/Cellar/libxdmcp/1.1.5/include -I/usr/local/Cellar/pixman/0.44.0/include/pixman-1 -I/usr/local/Cellar/gdk-pixbuf/2.42.12/include/gdk-pixbuf-2.0 -I/usr/local/opt/libpng/include/libpng16 -I/usr/local/opt/libtiff/include -I/usr/local/opt/zstd/include -I/usr/local/Cellar/xz/5.6.3/include -I/usr/local/opt/jpeg-turbo/include -I/usr/local/Cellar/glib/2.82.2/include -I/Library/Developer/CommandLineTools/SDKs/MacOSX12.sdk/usr/include/ffi -I/usr/local/Cellar/glib/2.82.2/include/glib-2.0 -I/usr/local/Cellar/glib/2.82.2/lib/glib-2.0/include -I/usr/local/opt/gettext/include -I/usr/local/Cellar/pcre2/10.44/include'
pkg_cv_PACKAGE_LIBS='-L/usr/local/Cellar/gtk+/2.24.33_2/lib -lgtk-quartz-2.0 -lgdk-quartz-2.0 -framework Cocoa -L/usr/local/Cellar/pango/1.54.0/lib -lpangocairo-1.0 -lpango-1.0 -L/usr/local/Cellar/harfbuzz/10.1.0/lib -lharfbuzz -framework CoreFoundation -framework ApplicationServices -L/usr/local/Cellar/at-spi2-core/2.54.0/lib -latk-1.0 -L/usr/local/Cellar/cairo/1.18.2/lib -lcairo -L/usr/local/Cellar/gdk-pixbuf/2.42.12/lib -lgdk_pixbuf-2.0 -L/usr/local/Cellar/glib/2.82.2/lib -lgio-2.0 -lgobject-2.0 -lglib-2.0 -L/usr/local/opt/gettext/lib -lintl'

## ----------------- ##
## Output variables. ##
## ----------------- ##

ACLOCAL='${SHELL} '\''/Users/youssefazaiez/Documents/parky/missing'\'' aclocal-1.17'
AMDEPBACKSLASH='\'
AMDEP_FALSE='#'
AMDEP_TRUE=''
AMTAR='$${TAR-tar}'
AM_BACKSLASH='\'
AM_DEFAULT_V='$(AM_DEFAULT_VERBOSITY)'
AM_DEFAULT_VERBOSITY='1'
AM_V='$(V)'
AUTOCONF='${SHELL} '\''/Users/youssefazaiez/Documents/parky/missing'\'' autoconf'
AUTOHEADER='${SHELL} '\''/Users/youssefazaiez/Documents/parky/missing'\'' autoheader'
AUTOMAKE='${SHELL} '\''/Users/youssefazaiez/Documents/parky/missing'\'' automake-1.17'
AWK='awk'
CATALOGS=''
CATOBJEXT='.gmo'
CC='gcc'
CCDEPMODE='depmode=none'
CFLAGS='-g -O2'
CPPFLAGS=''
CSCOPE='cscope'
CTAGS='ctags'
CYGPATH_W='echo'
DATADIRNAME='share'
DEFS='-DHAVE_CONFIG_H'
DEPDIR='.deps'
ECHO_C='\c'
ECHO_N=''
ECHO_T=''
EGREP='/usr/bin/grep -E'
ETAGS='etags'
EXEEXT=''
GETTEXT_PACKAGE='parky'
GMOFILES=''
GMSGFMT='/usr/local/bin/msgfmt'
GREP='/usr/bin/grep'
INSTALL_DATA='${INSTALL} -m 644'
INSTALL_PROGRAM='${INSTALL}'
INSTALL_SCRIPT='${INSTALL}'
INSTALL_STRIP_PROGRAM='$(install_sh) -c -s'
INSTOBJEXT='.mo'
INTLLIBS='-lintl  -Wl,-framework -Wl,CoreFoundation'
INTL_MACOSX_LIBS='-Wl,-framework -Wl,CoreFoundation'
LDFLAGS=''
LIBOBJS=''
LIBS=''
LTLIBOBJS=''
MAINT=''
MAINTAINER_MODE_FALSE='#'
MAINTAINER_MODE_TRUE=''
MAKEINFO='${SHELL} '\''/Users/youssefazaiez/Documents/parky/missing'\'' makeinfo'
MKDIR_P='mkdir -p'
MKINSTALLDIRS='.//mkinstalldirs'
MSGFMT='/usr/local/bin/msgfmt'
MSGFMT_OPTS='-c'
OBJEXT='o'
PACKAGE='parky'
PACKAGE_BUGREPORT=''
PACKAGE_CFLAGS='-I/usr/local/Cellar/gtk+/2.24.33_2/include/gtk-2.0 -I/usr/local/Cellar/gtk+/2.24.33_2/lib/gtk-2.0/include -I/usr/local/Cellar/pango/1.54.0/include/pango-1.0 -I/usr/local/Cellar/fribidi/1.0.16/include/fribidi -I/usr/local/Cellar/harfbuzz/10.1.0/include/harfbuzz -I/usr/local/Cellar/graphite2/1.3.14/include -I/usr/local/Cellar/cairo/1.18.2/include -I/usr/local/Cellar/at-spi2-core/2.54.0/include/atk-1.0 -I/usr/local/Cellar/cairo/1.18.2/include/cairo -I/usr/local/Cellar/fontconfig/2.15.0/include -I/usr/local/opt/freetype/include/freetype2 -I/usr/local/Cellar/libxext/1.3.6/include -I/usr/local/Cellar/xorgproto/2024.1/include -I/usr/local/Cellar/libxrender/0.9.11/include -I/usr/local/Cellar/libx11/1.8.10/include -I/usr/local/Cellar/libxcb/1.17.0/include -I/usr/local/Cellar/libxau/1.0.11/include -I/usr/local/Cellar/libxdmcp/1.1.5/include -I/usr/local/Cellar/pixman/0.44.0/include/pixman-1 -I/usr/local/Cellar/gdk-pixbuf/2.42.12/include/gdk-pixbuf-2.0 -I/usr/local/opt/libpng/include/libpng16 -I/usr/local/opt/libtiff/include -I/usr/local/opt/zstd/include -I/usr/local/Cellar/xz/5.6.3/include -I/usr/local/opt/jpeg-turbo/include -I/usr/local/Cellar/glib/2.82.2/include -I/Library/Developer/CommandLineTools/SDKs/MacOSX12.sdk/usr/include/ffi -I/usr/local/Cellar/glib/2.82.2/include/glib-2.0 -I/usr/local/Cellar/glib/2.82.2/lib/glib-2.0/include -I/usr/local/opt/gettext/include -I/usr/local/Cellar/pcre2/10.44/include'
PACKAGE_LIBS='-L/usr/local/Cellar/gtk+/2.24.33_2/lib -lgtk-quartz-2.0 -lgdk-quartz-2.0 -framework Cocoa -L/usr/local/Cellar/pango/1.54.0/lib -lpangocairo-1.0 -lpango-1.0 -L/usr/local/Cellar/harfbuzz/10.1.0/lib -lharfbuzz -framework CoreFoundation -framework ApplicationServices -L/usr/local/Cellar/at-spi2-core/2.54.0/lib -latk-1.0 -L/usr/local/Cellar/cairo/1.18.2/lib -lcairo -L/usr/local/Cellar/gdk-pixbuf/2.42.12/lib -lgdk_pixbuf-2.0 -L/usr/local/Cellar/glib/2.82.2/lib -lgio-2.0 -lgobject-2.0 -lglib-2.0 -L/usr/local/opt/gettext/lib -lintl'
PACKAGE_NAME=''
PACKAGE_STRING=''
PACKAGE_TARNAME=''
PACKAGE_URL=''
PACKAGE_VERSION=''
PATH_SEPARATOR=':'
PKG_CONFIG='/usr/local/bin/pkg-config'
PKG_CONFIG_LIBDIR=''
PKG_CONFIG_PATH=''
POFILES=''
POSUB='po'
PO_IN_DATADIR_FALSE=''
PO_IN_DATADIR_TRUE=''
SET_MAKE=''
SHELL='/bin/sh'
STRIP=''
USE_NLS='yes'
VERSION='0.1'
XGETTEXT='/usr/local/bin/xgettext'
ac_ct_CC='gcc'
am__EXEEXT_FALSE=''
am__EXEEXT_TRUE='#'
am__fastdepCC_FALSE=''
am__fastdepCC_TRUE='#'
am__include='include'
am__isrc=''
am__leading_dot='.'
am__nodep='_no'
am__quote=''
am__rm_f_notfound=''
am__tar='$${TAR-tar} chof - "$$tardir"'
am__untar='$${TAR-tar} xf -'
am__xargs_n='xargs -n'
bindir='${exec_prefix}/bin'
build_alias=''
datadir='${datarootdir}'
datarootdir='${prefix}/share'
docdir='${datarootdir}/doc/${PACKAGE}'
dvidir='${docdir}'
exec_prefix='${prefix}'
host_alias=''
htmldir='${docdir}'
includedir='${prefix}/include'
infodir='${datarootdir}/info'
install_sh='${SHELL} /Users/youssefazaiez/Documents/parky/install-sh'
libdir='${exec_prefix}/lib'
libexecdir='${exec_prefix}/libexec'
localedir='${datarootdir}/locale'
localstatedir='${prefix}/var'
mandir='${datarootdir}/man'
mkdir_p='$(MKDIR_P)'
oldincludedir='/usr/include'
pdfdir='${docdir}'
prefix='/usr/local'
program_transform_name='s,x,x,'
psdir='${docdir}'
runstatedir='${localstatedir}/run'
sbindir='${exec_prefix}/sbin'
sharedstatedir='${prefix}/com'
sysconfdir='${prefix}/etc'
target_alias=''

## ----------- ##
## confdefs.h. ##
## ----------- ##

/* confdefs.h */
#define PACKAGE_NAME ""
#define PACKAGE_TARNAME ""
#define PACKAGE_VERSION ""
#define PACKAGE_STRING ""
#define PACKAGE_BUGREPORT ""
#define PACKAGE_URL ""
#define PACKAGE "parky"
#define VERSION "0.1"
#define HAVE_STDIO_H 1
#define HAVE_STDLIB_H 1
#define HAVE_STRING_H 1
#define HAVE_INTTYPES_H 1
#define HAVE_STDINT_H 1
#define HAVE_STRINGS_H 1
#define HAVE_SYS_STAT_H 1
#define HAVE_SYS_TYPES_H 1
#define HAVE_UNISTD_H 1
#define STDC_HEADERS 1
#define GETTEXT_PACKAGE "parky"
#define HAVE_LOCALE_H 1
#define HAVE_LC_MESSAGES 1
#define HAVE_CFPREFERENCESCOPYAPPVALUE 1
#define HAVE_CFLOCALECOPYCURRENT 1
#define HAVE_BIND_TEXTDOMAIN_CODESET 1
#define HAVE_GETTEXT 1
#define HAVE_DCGETTEXT 1
#define ENABLE_NLS 1

configure: exit 0
